<?xml version="1.0" encoding="UTF-8"?>
<!-- Generated by org.testng.reporters.JUnitReportReporter -->
<testsuite hostname="DESKTOP-4Q7NLPG" failures="0" tests="1" name="practise.SumOfDigitsInNumber" time="0.082" errors="0" timestamp="2024-02-16T12:12:38 IST" skipped="0">
  <testcase classname="practise.SumOfDigitsInNumber" name="test1" time="0.082"/>
  <system-out/>
</testsuite> <!-- practise.SumOfDigitsInNumber -->
