<?xml version="1.0" encoding="UTF-8"?>
<!-- Generated by org.testng.reporters.JUnitReportReporter -->
<testsuite hostname="DESKTOP-4Q7NLPG" failures="0" tests="1" name="test.Child" time="0.029" errors="0" timestamp="2024-01-30T14:36:31 IST" skipped="0">
  <testcase classname="test.Child" name="test" time="0.029"/>
  <system-out/>
</testsuite> <!-- test.Child -->
