<?xml version="1.0" encoding="UTF-8"?>
<!-- Generated by org.testng.reporters.JUnitReportReporter -->
<testsuite hostname="DESKTOP-4Q7NLPG" failures="0" tests="1" name="practise.EvenandOddInNumber" time="0.019" errors="0" timestamp="2024-02-16T11:59:38 IST" skipped="0">
  <testcase classname="practise.EvenandOddInNumber" name="test1" time="0.019"/>
  <system-out/>
</testsuite> <!-- practise.EvenandOddInNumber -->
