<?xml version="1.0" encoding="UTF-8"?>
<!-- Generated by org.testng.reporters.JUnitReportReporter -->
<testsuite hostname="DESKTOP-4Q7NLPG" failures="0" tests="3" name="practise.Sorting_BuiltInMethods" time="0.024" errors="0" timestamp="2024-02-17T08:45:30 IST" skipped="0">
  <testcase classname="practise.Sorting_BuiltInMethods" name="test3" time="0.005"/>
  <system-out/>
  <testcase classname="practise.Sorting_BuiltInMethods" name="test1" time="0.017"/>
  <system-out/>
  <testcase classname="practise.Sorting_BuiltInMethods" name="test2" time="0.002"/>
  <system-out/>
</testsuite> <!-- practise.Sorting_BuiltInMethods -->
