<?xml version="1.0" encoding="UTF-8"?>
<!-- Generated by org.testng.reporters.JUnitReportReporter -->
<testsuite hostname="DESKTOP-4Q7NLPG" failures="0" tests="3" name="practise.MaxandMinInArray" time="0.028" errors="0" timestamp="2024-02-16T17:55:57 IST" skipped="0">
  <testcase classname="practise.MaxandMinInArray" name="test3" time="0.005"/>
  <system-out/>
  <testcase classname="practise.MaxandMinInArray" name="test2" time="0.006"/>
  <system-out/>
  <testcase classname="practise.MaxandMinInArray" name="test1" time="0.017"/>
  <system-out/>
</testsuite> <!-- practise.MaxandMinInArray -->
