<?xml version="1.0" encoding="UTF-8"?>
<!-- Generated by org.testng.reporters.JUnitReportReporter -->
<testsuite hostname="DESKTOP-4Q7NLPG" failures="0" tests="3" name="test.Day3" time="0.018" errors="0" timestamp="2024-01-25T15:31:58 IST" skipped="0">
  <testcase classname="test.Day3" name="Apilogincarloan" time="0.014"/>
  <system-out/>
  <testcase classname="test.Day3" name="mobilelogincarloan" time="0.001"/>
  <system-out/>
  <testcase classname="test.Day3" name="weblogincarloan" time="0.003"/>
  <system-out/>
</testsuite> <!-- test.Day3 -->
