<?xml version="1.0" encoding="UTF-8"?>
<!-- Generated by org.testng.reporters.JUnitReportReporter -->
<testsuite hostname="DESKTOP-4Q7NLPG" failures="0" tests="3" name="practise.RandomNumbersandStrings" time="0.026" errors="0" timestamp="2024-02-16T16:30:41 IST" skipped="0">
  <testcase classname="practise.RandomNumbersandStrings" name="test1" time="0.016"/>
  <system-out/>
  <testcase classname="practise.RandomNumbersandStrings" name="test3" time="0.008"/>
  <system-out/>
  <testcase classname="practise.RandomNumbersandStrings" name="test2" time="0.002"/>
  <system-out/>
</testsuite> <!-- practise.RandomNumbersandStrings -->
