<?xml version="1.0" encoding="UTF-8"?>
<!-- Generated by org.testng.reporters.JUnitReportReporter -->
<testsuite hostname="DESKTOP-4Q7NLPG" failures="0" tests="3" name="practise.ReadingDataFromTextFile" time="0.093" errors="0" timestamp="2024-02-18T09:32:20 IST" skipped="0">
  <testcase classname="practise.ReadingDataFromTextFile" name="test2" time="0.061"/>
  <system-out/>
  <testcase classname="practise.ReadingDataFromTextFile" name="test1" time="0.027"/>
  <system-out/>
  <testcase classname="practise.ReadingDataFromTextFile" name="test3" time="0.005"/>
  <system-out/>
</testsuite> <!-- practise.ReadingDataFromTextFile -->
