<?xml version="1.0" encoding="UTF-8"?>
<!-- Generated by org.testng.reporters.JUnitReportReporter -->
<testsuite hostname="DESKTOP-4Q7NLPG" failures="0" tests="3" name="practise.ReverseaString" time="0.020" errors="0" timestamp="2024-02-16T11:00:47 IST" skipped="0">
  <testcase classname="practise.ReverseaString" name="test1" time="0.014"/>
  <system-out/>
  <testcase classname="practise.ReverseaString" name="test2" time="0.004"/>
  <system-out/>
  <testcase classname="practise.ReverseaString" name="test3" time="0.002"/>
  <system-out/>
</testsuite> <!-- practise.ReverseaString -->
