<?xml version="1.0" encoding="UTF-8"?>
<!-- Generated by org.testng.reporters.JUnitReportReporter -->
<testsuite hostname="DESKTOP-4Q7NLPG" failures="0" tests="4" name="practise.Swapping2Numbers" time="0.046" errors="0" timestamp="2024-02-16T10:08:18 IST" skipped="0">
  <testcase classname="practise.Swapping2Numbers" name="test1" time="0.022"/>
  <system-out/>
  <testcase classname="practise.Swapping2Numbers" name="test4" time="0.008"/>
  <system-out/>
  <testcase classname="practise.Swapping2Numbers" name="test3" time="0.013"/>
  <system-out/>
  <testcase classname="practise.Swapping2Numbers" name="test2" time="0.003"/>
  <system-out/>
</testsuite> <!-- practise.Swapping2Numbers -->
