<?xml version="1.0" encoding="UTF-8"?>
<!-- Generated by org.testng.reporters.JUnitReportReporter -->
<testsuite hostname="DESKTOP-4Q7NLPG" failures="0" tests="3" name="practise.ReverseAnumber" time="9.841" errors="0" timestamp="2024-02-16T10:39:26 IST" skipped="0">
  <testcase classname="practise.ReverseAnumber" name="test1" time="2.753"/>
  <system-out/>
  <testcase classname="practise.ReverseAnumber" name="test3" time="3.201"/>
  <system-out/>
  <testcase classname="practise.ReverseAnumber" name="test2" time="3.887"/>
  <system-out/>
</testsuite> <!-- practise.ReverseAnumber -->
