<?xml version="1.0" encoding="UTF-8"?>
<!-- Generated by org.testng.reporters.JUnitReportReporter -->
<testsuite hostname="DESKTOP-4Q7NLPG" failures="0" tests="1" name="testNG.TestNG1" time="0.021" errors="0" timestamp="2024-01-25T11:17:14 IST" skipped="0">
  <testcase classname="testNG.TestNG1" name="demo" time="0.021"/>
  <system-out/>
</testsuite> <!-- testNG.TestNG1 -->
