<?xml version="1.0" encoding="UTF-8"?>
<!-- Generated by org.testng.reporters.JUnitReportReporter -->
<testsuite hostname="DESKTOP-4Q7NLPG" failures="0" tests="1" name="practise.PalindromeString" time="0.018" errors="0" timestamp="2024-02-16T11:13:49 IST" skipped="0">
  <testcase classname="practise.PalindromeString" name="test1" time="0.018"/>
  <system-out/>
</testsuite> <!-- practise.PalindromeString -->
