<?xml version="1.0" encoding="UTF-8"?>
<!-- Generated by org.testng.reporters.JUnitReportReporter -->
<testsuite hostname="DESKTOP-4Q7NLPG" failures="0" tests="3" name="practise.Reverse_words_inString" time="0.053" errors="0" timestamp="2024-02-17T09:33:02 IST" skipped="0">
  <testcase classname="practise.Reverse_words_inString" name="test1" time="0.019"/>
  <system-out/>
  <testcase classname="practise.Reverse_words_inString" name="test2" time="0.020"/>
  <system-out/>
  <testcase classname="practise.Reverse_words_inString" name="test3" time="0.014"/>
  <system-out/>
</testsuite> <!-- practise.Reverse_words_inString -->
