<?xml version="1.0" encoding="UTF-8"?>
<!-- Generated by org.testng.reporters.JUnitReportReporter -->
<testsuite hostname="DESKTOP-4Q7NLPG" failures="0" tests="2" name="practise.COmparingDiffArrays" time="0.016" errors="0" timestamp="2024-02-16T17:20:17 IST" skipped="0">
  <testcase classname="practise.COmparingDiffArrays" name="test1" time="0.014"/>
  <system-out/>
  <testcase classname="practise.COmparingDiffArrays" name="test2" time="0.002"/>
  <system-out/>
</testsuite> <!-- practise.COmparingDiffArrays -->
