<?xml version="1.0" encoding="UTF-8"?>
<!-- Generated by org.testng.reporters.JUnitReportReporter -->
<testsuite hostname="DESKTOP-4Q7NLPG" failures="0" tests="1" name="test.Day1" time="0.009" errors="0" timestamp="2024-01-25T15:31:58 IST" skipped="0">
  <testcase classname="test.Day1" name="demoview" time="0.009"/>
  <system-out/>
</testsuite> <!-- test.Day1 -->
