<?xml version="1.0" encoding="UTF-8"?>
<!-- Generated by org.testng.reporters.JUnitReportReporter -->
<testsuite hostname="DESKTOP-4Q7NLPG" failures="0" tests="1" name="testNG.Day1" time="0.014" errors="0" timestamp="2024-01-25T11:48:13 IST" skipped="0">
  <testcase classname="testNG.Day1" name="demo" time="0.014"/>
  <system-out/>
</testsuite> <!-- testNG.Day1 -->
