<?xml version="1.0" encoding="UTF-8"?>
<!-- Generated by org.testng.reporters.JUnitReportReporter -->
<testsuite hostname="DESKTOP-4Q7NLPG" failures="0" tests="2" name="practise.SumOfElementsInArray" time="0.017" errors="0" timestamp="2024-02-16T16:53:48 IST" skipped="0">
  <testcase classname="practise.SumOfElementsInArray" name="test2" time="0.002"/>
  <system-out/>
  <testcase classname="practise.SumOfElementsInArray" name="test1" time="0.015"/>
  <system-out/>
</testsuite> <!-- practise.SumOfElementsInArray -->
