<?xml version="1.0" encoding="UTF-8"?>
<!-- Generated by org.testng.reporters.JUnitReportReporter -->
<testsuite hostname="DESKTOP-4Q7NLPG" failures="0" tests="1" name="testNG.Day2" time="0.003" errors="0" timestamp="2024-01-25T11:48:13 IST" skipped="0">
  <testcase classname="testNG.Day2" name="ploan" time="0.003"/>
  <system-out/>
</testsuite> <!-- testNG.Day2 -->
