<?xml version="1.0" encoding="UTF-8"?>
<!-- Generated by org.testng.reporters.JUnitReportReporter -->
<testsuite hostname="DESKTOP-4Q7NLPG" failures="0" tests="2" name="practise.LargestOfThreeNumbers" time="0.083" errors="0" timestamp="2024-02-16T12:24:43 IST" skipped="0">
  <testcase classname="practise.LargestOfThreeNumbers" name="test2" time="0.003"/>
  <system-out/>
  <testcase classname="practise.LargestOfThreeNumbers" name="test1" time="0.080"/>
  <system-out/>
</testsuite> <!-- practise.LargestOfThreeNumbers -->
