<?xml version="1.0" encoding="UTF-8"?>
<!-- Generated by org.testng.reporters.JUnitReportReporter -->
<testsuite hostname="DESKTOP-4Q7NLPG" failures="0" tests="2" name="practise.DuplicateElementsInArray" time="0.018" errors="0" timestamp="2024-02-16T18:14:54 IST" skipped="0">
  <testcase classname="practise.DuplicateElementsInArray" name="test1" time="0.015"/>
  <system-out/>
  <testcase classname="practise.DuplicateElementsInArray" name="test2" time="0.003"/>
  <system-out/>
</testsuite> <!-- practise.DuplicateElementsInArray -->
