<?xml version="1.0" encoding="UTF-8"?>
<!-- Generated by org.testng.reporters.JUnitReportReporter -->
<testsuite hostname="DESKTOP-4Q7NLPG" failures="0" tests="3" name="testNG.Day3" time="0.008" errors="0" timestamp="2024-01-25T11:48:13 IST" skipped="0">
  <testcase classname="testNG.Day3" name="Apilogincarloan" time="0.003"/>
  <system-out/>
  <testcase classname="testNG.Day3" name="mobilelogincarloan" time="0.002"/>
  <system-out/>
  <testcase classname="testNG.Day3" name="weblogincarloan" time="0.003"/>
  <system-out/>
</testsuite> <!-- testNG.Day3 -->
